2013-12-09 00:45:30 Error: [MissingControllerException] Controller class Test.redisController could not be found.
Exception Attributes: array (
  'class' => 'Test.redisController',
  'plugin' => NULL,
)
Request URL: /YoutubeApp/test.redis
Stack Trace:
#0 /home/arek/HTML/YoutubeApp/app/webroot/index.php(108): Dispatcher->dispatch(Object(CakeRequest), Object(CakeResponse))
#1 {main}
2013-12-09 00:48:16 Error: Fatal Error (1): Call to a member function find() on a non-object in [/home/arek/HTML/YoutubeApp/app/Controller/DupaController.php, line 7]
2013-12-09 00:48:16 Error: [FatalErrorException] Call to a member function find() on a non-object
Request URL: /YoutubeApp/dupa/redis
Stack Trace:
#0 /home/arek/HTML/YoutubeApp/lib/Cake/Error/ErrorHandler.php(203): ErrorHandler::handleFatalError(1, 'Call to a membe...', '/home/arek/HTML...', 7)
#1 [internal function]: ErrorHandler::handleError(1, 'Call to a membe...', '/home/arek/HTML...', 7, Array)
#2 /home/arek/HTML/YoutubeApp/lib/Cake/Core/App.php(929): call_user_func('ErrorHandler::h...', 1, 'Call to a membe...', '/home/arek/HTML...', 7, Array)
#3 /home/arek/HTML/YoutubeApp/lib/Cake/Core/App.php(902): App::_checkFatalError()
#4 [internal function]: App::shutdown()
#5 {main}
2013-12-09 00:50:32 Error: Fatal Error (1): Call to undefined method RedisTest::getInstance() in [/home/arek/HTML/YoutubeApp/app/Controller/RedisController.php, line 9]
2013-12-09 00:50:32 Error: [FatalErrorException] Call to undefined method RedisTest::getInstance()
Request URL: /YoutubeApp/redis/redis
Stack Trace:
#0 /home/arek/HTML/YoutubeApp/lib/Cake/Error/ErrorHandler.php(203): ErrorHandler::handleFatalError(1, 'Call to undefin...', '/home/arek/HTML...', 9)
#1 [internal function]: ErrorHandler::handleError(1, 'Call to undefin...', '/home/arek/HTML...', 9, Array)
#2 /home/arek/HTML/YoutubeApp/lib/Cake/Core/App.php(929): call_user_func('ErrorHandler::h...', 1, 'Call to undefin...', '/home/arek/HTML...', 9, Array)
#3 /home/arek/HTML/YoutubeApp/lib/Cake/Core/App.php(902): App::_checkFatalError()
#4 [internal function]: App::shutdown()
#5 {main}
2013-12-09 00:50:51 Error: Fatal Error (1): Class 'RedisForNotificationMailing' not found in [/home/arek/HTML/YoutubeApp/app/Vendor/redis/redis_test.php, line 12]
2013-12-09 00:50:51 Error: [FatalErrorException] Class 'RedisForNotificationMailing' not found
Request URL: /YoutubeApp/redis/redis
Stack Trace:
#0 /home/arek/HTML/YoutubeApp/lib/Cake/Error/ErrorHandler.php(203): ErrorHandler::handleFatalError(1, 'Class 'RedisFor...', '/home/arek/HTML...', 12)
#1 [internal function]: ErrorHandler::handleError(1, 'Class 'RedisFor...', '/home/arek/HTML...', 12, Array)
#2 /home/arek/HTML/YoutubeApp/lib/Cake/Core/App.php(929): call_user_func('ErrorHandler::h...', 1, 'Class 'RedisFor...', '/home/arek/HTML...', 12, Array)
#3 /home/arek/HTML/YoutubeApp/lib/Cake/Core/App.php(902): App::_checkFatalError()
#4 [internal function]: App::shutdown()
#5 {main}
2013-12-09 00:51:07 Error: [RedisBaseException] server timeout
Request URL: /YoutubeApp/redis/redis
Stack Trace:
#0 /home/arek/HTML/YoutubeApp/app/Vendor/redis/redis_base_abs.php(73): RedisBaseAbs->readReply()
#1 /home/arek/HTML/YoutubeApp/app/Vendor/redis/redis_base.php(16): RedisBaseAbs->__call('smembers', Array)
#2 /home/arek/HTML/YoutubeApp/app/Vendor/redis/redis_test.php(29): RedisBase->__call('smembers', Array)
#3 /home/arek/HTML/YoutubeApp/app/Vendor/redis/redis_test.php(29): RedisBase->smembers(30)
#4 [internal function]: RedisTest->getTest()
#5 /home/arek/HTML/YoutubeApp/app/Vendor/redis/redis_for_abs.php(63): call_user_func_array(Array, Array)
#6 /home/arek/HTML/YoutubeApp/app/Controller/RedisController.php(10): RedisForAbs->__call('getTest', Array)
#7 /home/arek/HTML/YoutubeApp/app/Controller/RedisController.php(10): RedisTest->getTest()
#8 [internal function]: RedisController->redis()
#9 /home/arek/HTML/YoutubeApp/lib/Cake/Controller/Controller.php(490): ReflectionMethod->invokeArgs(Object(RedisController), Array)
#10 /home/arek/HTML/YoutubeApp/lib/Cake/Routing/Dispatcher.php(185): Controller->invokeAction(Object(CakeRequest))
#11 /home/arek/HTML/YoutubeApp/lib/Cake/Routing/Dispatcher.php(160): Dispatcher->_invoke(Object(RedisController), Object(CakeRequest), Object(CakeResponse))
#12 /home/arek/HTML/YoutubeApp/app/webroot/index.php(108): Dispatcher->dispatch(Object(CakeRequest), Object(CakeResponse))
#13 {main}
2013-12-09 00:55:44 Error: Fatal Error (4): syntax error, unexpected 'return' (T_RETURN) in [/home/arek/HTML/YoutubeApp/app/Vendor/redis/redis_base.php, line 16]
2013-12-09 00:55:44 Error: [FatalErrorException] syntax error, unexpected 'return' (T_RETURN)
Request URL: /YoutubeApp/redis/redis
Stack Trace:
#0 /home/arek/HTML/YoutubeApp/lib/Cake/Error/ErrorHandler.php(203): ErrorHandler::handleFatalError(4, 'syntax error, u...', '/home/arek/HTML...', 16)
#1 [internal function]: ErrorHandler::handleError(4, 'syntax error, u...', '/home/arek/HTML...', 16, Array)
#2 /home/arek/HTML/YoutubeApp/lib/Cake/Core/App.php(929): call_user_func('ErrorHandler::h...', 4, 'syntax error, u...', '/home/arek/HTML...', 16, Array)
#3 /home/arek/HTML/YoutubeApp/lib/Cake/Core/App.php(902): App::_checkFatalError()
#4 [internal function]: App::shutdown()
#5 {main}
2013-12-09 21:42:41 Error: [MissingViewException] View file "/home/arek/HTML/YoutubeApp/app/View/Statistics/world_most_popular.ctp" is missing.
Exception Attributes: array (
  'file' => '/home/arek/HTML/YoutubeApp/app/View/Statistics/world_most_popular.ctp',
)
Request URL: /YoutubeApp/statistics/world_most_popular
Stack Trace:
#0 /home/arek/HTML/YoutubeApp/lib/Cake/View/View.php(457): View->_getViewFileName(NULL)
#1 /home/arek/HTML/YoutubeApp/lib/Cake/Controller/Controller.php(952): View->render(NULL, NULL)
#2 /home/arek/HTML/YoutubeApp/lib/Cake/Routing/Dispatcher.php(192): Controller->render()
#3 /home/arek/HTML/YoutubeApp/lib/Cake/Routing/Dispatcher.php(160): Dispatcher->_invoke(Object(StatisticsController), Object(CakeRequest), Object(CakeResponse))
#4 /home/arek/HTML/YoutubeApp/app/webroot/index.php(108): Dispatcher->dispatch(Object(CakeRequest), Object(CakeResponse))
#5 {main}
2013-12-09 22:28:52 Error: [MissingControllerException] Controller class JsController could not be found.
Exception Attributes: array (
  'class' => 'JsController',
  'plugin' => NULL,
)
Request URL: /YoutubeApp/js/jquery-2.0.3.min.map
Stack Trace:
#0 /home/arek/HTML/YoutubeApp/app/webroot/index.php(108): Dispatcher->dispatch(Object(CakeRequest), Object(CakeResponse))
#1 {main}
2013-12-10 01:36:54 Error: [MissingControllerException] Controller class PagesController could not be found.
Exception Attributes: array (
  'class' => 'PagesController',
  'plugin' => NULL,
)
Request URL: /YoutubeApp/
Stack Trace:
#0 /home/arek/HTML/YoutubeApp/app/webroot/index.php(108): Dispatcher->dispatch(Object(CakeRequest), Object(CakeResponse))
#1 {main}
2013-12-10 01:38:24 Error: [MissingControllerException] Controller class PagesController could not be found.
Exception Attributes: array (
  'class' => 'PagesController',
  'plugin' => NULL,
)
Request URL: /YoutubeApp/
Stack Trace:
#0 /home/arek/HTML/YoutubeApp/app/webroot/index.php(108): Dispatcher->dispatch(Object(CakeRequest), Object(CakeResponse))
#1 {main}
2013-12-10 01:50:18 Error: [MissingControllerException] Controller class CssController could not be found.
Exception Attributes: array (
  'class' => 'CssController',
  'plugin' => NULL,
)
Request URL: /YoutubeApp/css/qtip/jquery.qtip.css
Stack Trace:
#0 /home/arek/HTML/YoutubeApp/app/webroot/index.php(108): Dispatcher->dispatch(Object(CakeRequest), Object(CakeResponse))
#1 {main}
2013-12-10 01:50:18 Error: [MissingControllerException] Controller class JsController could not be found.
Exception Attributes: array (
  'class' => 'JsController',
  'plugin' => NULL,
)
Request URL: /YoutubeApp/js/qtip/jquery.qtip.js
Stack Trace:
#0 /home/arek/HTML/YoutubeApp/app/webroot/index.php(108): Dispatcher->dispatch(Object(CakeRequest), Object(CakeResponse))
#1 {main}
2013-12-10 02:44:44 Error: [MissingActionException] Action StatisticsController::statistics() could not be found.
Exception Attributes: array (
  'controller' => 'StatisticsController',
  'action' => 'statistics',
)
Request URL: /YoutubeApp/statistics/statistics/get_world_most_popular
Stack Trace:
#0 /home/arek/HTML/YoutubeApp/lib/Cake/Routing/Dispatcher.php(185): Controller->invokeAction(Object(CakeRequest))
#1 /home/arek/HTML/YoutubeApp/lib/Cake/Routing/Dispatcher.php(160): Dispatcher->_invoke(Object(StatisticsController), Object(CakeRequest), Object(CakeResponse))
#2 /home/arek/HTML/YoutubeApp/app/webroot/index.php(108): Dispatcher->dispatch(Object(CakeRequest), Object(CakeResponse))
#3 {main}
2013-12-10 02:45:07 Error: [MissingViewException] View file "/home/arek/HTML/YoutubeApp/app/View/Statistics/get_world_most_popular.ctp" is missing.
Exception Attributes: array (
  'file' => '/home/arek/HTML/YoutubeApp/app/View/Statistics/get_world_most_popular.ctp',
)
Request URL: /YoutubeApp/statistics/get_world_most_popular
Stack Trace:
#0 /home/arek/HTML/YoutubeApp/lib/Cake/View/View.php(457): View->_getViewFileName(NULL)
#1 /home/arek/HTML/YoutubeApp/lib/Cake/Controller/Controller.php(952): View->render(NULL, NULL)
#2 /home/arek/HTML/YoutubeApp/lib/Cake/Routing/Dispatcher.php(192): Controller->render()
#3 /home/arek/HTML/YoutubeApp/lib/Cake/Routing/Dispatcher.php(160): Dispatcher->_invoke(Object(StatisticsController), Object(CakeRequest), Object(CakeResponse))
#4 /home/arek/HTML/YoutubeApp/app/webroot/index.php(108): Dispatcher->dispatch(Object(CakeRequest), Object(CakeResponse))
#5 {main}
2013-12-10 02:50:10 Error: Fatal Error (1): Call to a member function isAjax() on a non-object in [/home/arek/HTML/YoutubeApp/app/Controller/StatisticsController.php, line 13]
2013-12-10 02:50:10 Error: [FatalErrorException] Call to a member function isAjax() on a non-object
Request URL: /YoutubeApp/statistics/get_world_most_popular
Stack Trace:
#0 /home/arek/HTML/YoutubeApp/lib/Cake/Error/ErrorHandler.php(203): ErrorHandler::handleFatalError(1, 'Call to a membe...', '/home/arek/HTML...', 13)
#1 [internal function]: ErrorHandler::handleError(1, 'Call to a membe...', '/home/arek/HTML...', 13, Array)
#2 /home/arek/HTML/YoutubeApp/lib/Cake/Core/App.php(929): call_user_func('ErrorHandler::h...', 1, 'Call to a membe...', '/home/arek/HTML...', 13, Array)
#3 /home/arek/HTML/YoutubeApp/lib/Cake/Core/App.php(902): App::_checkFatalError()
#4 [internal function]: App::shutdown()
#5 {main}
2013-12-10 02:51:30 Error: Fatal Error (4): syntax error, unexpected ';' in [/home/arek/HTML/YoutubeApp/app/Controller/StatisticsController.php, line 13]
2013-12-10 02:51:30 Error: [FatalErrorException] syntax error, unexpected ';'
Request URL: /YoutubeApp/statistics/get_world_most_popular
Stack Trace:
#0 /home/arek/HTML/YoutubeApp/lib/Cake/Error/ErrorHandler.php(203): ErrorHandler::handleFatalError(4, 'syntax error, u...', '/home/arek/HTML...', 13)
#1 [internal function]: ErrorHandler::handleError(4, 'syntax error, u...', '/home/arek/HTML...', 13, Array)
#2 /home/arek/HTML/YoutubeApp/lib/Cake/Core/App.php(929): call_user_func('ErrorHandler::h...', 4, 'syntax error, u...', '/home/arek/HTML...', 13, Array)
#3 /home/arek/HTML/YoutubeApp/lib/Cake/Core/App.php(902): App::_checkFatalError()
#4 [internal function]: App::shutdown()
#5 {main}
2013-12-10 03:07:43 Warning: Warning (2): json_decode() expects parameter 1 to be string, array given in [/home/arek/HTML/YoutubeApp/app/Controller/StatisticsController.php, line 15]
Trace:
json_decode - [internal], line ??
StatisticsController::get_world_most_popular() - APP/Controller/StatisticsController.php, line 15
ReflectionMethod::invokeArgs() - [internal], line ??
Controller::invokeAction() - CORE/Cake/Controller/Controller.php, line 490
Dispatcher::_invoke() - CORE/Cake/Routing/Dispatcher.php, line 185
Dispatcher::dispatch() - CORE/Cake/Routing/Dispatcher.php, line 160
[main] - APP/webroot/index.php, line 108

2013-12-10 03:14:59 Error: [MissingViewException] View file "/home/arek/HTML/YoutubeApp/app/View/Statistics/Unrelated/ajax.ctp" is missing.
Exception Attributes: array (
  'file' => '/home/arek/HTML/YoutubeApp/app/View/Statistics/Unrelated/ajax.ctp',
)
Request URL: /YoutubeApp/statistics/get_world_most_popular
Stack Trace:
#0 /home/arek/HTML/YoutubeApp/lib/Cake/View/View.php(457): View->_getViewFileName('Unrelated/ajax')
#1 /home/arek/HTML/YoutubeApp/lib/Cake/Controller/Controller.php(952): View->render('Unrelated/ajax', NULL)
#2 /home/arek/HTML/YoutubeApp/app/Controller/StatisticsController.php(15): Controller->render('Unrelated/ajax')
#3 [internal function]: StatisticsController->get_world_most_popular()
#4 /home/arek/HTML/YoutubeApp/lib/Cake/Controller/Controller.php(490): ReflectionMethod->invokeArgs(Object(StatisticsController), Array)
#5 /home/arek/HTML/YoutubeApp/lib/Cake/Routing/Dispatcher.php(185): Controller->invokeAction(Object(CakeRequest))
#6 /home/arek/HTML/YoutubeApp/lib/Cake/Routing/Dispatcher.php(160): Dispatcher->_invoke(Object(StatisticsController), Object(CakeRequest), Object(CakeResponse))
#7 /home/arek/HTML/YoutubeApp/app/webroot/index.php(108): Dispatcher->dispatch(Object(CakeRequest), Object(CakeResponse))
#8 {main}
2013-12-10 03:15:27 Error: [MissingViewException] View file "/home/arek/HTML/YoutubeApp/app/View/Statistics/Unrelated/ajax.ctp" is missing.
Exception Attributes: array (
  'file' => '/home/arek/HTML/YoutubeApp/app/View/Statistics/Unrelated/ajax.ctp',
)
Request URL: /YoutubeApp/statistics/get_world_most_popular
Stack Trace:
#0 /home/arek/HTML/YoutubeApp/lib/Cake/View/View.php(457): View->_getViewFileName('Unrelated/ajax')
#1 /home/arek/HTML/YoutubeApp/lib/Cake/Controller/Controller.php(952): View->render('Unrelated/ajax', NULL)
#2 /home/arek/HTML/YoutubeApp/app/Controller/StatisticsController.php(14): Controller->render('Unrelated/ajax')
#3 [internal function]: StatisticsController->get_world_most_popular()
#4 /home/arek/HTML/YoutubeApp/lib/Cake/Controller/Controller.php(490): ReflectionMethod->invokeArgs(Object(StatisticsController), Array)
#5 /home/arek/HTML/YoutubeApp/lib/Cake/Routing/Dispatcher.php(185): Controller->invokeAction(Object(CakeRequest))
#6 /home/arek/HTML/YoutubeApp/lib/Cake/Routing/Dispatcher.php(160): Dispatcher->_invoke(Object(StatisticsController), Object(CakeRequest), Object(CakeResponse))
#7 /home/arek/HTML/YoutubeApp/app/webroot/index.php(108): Dispatcher->dispatch(Object(CakeRequest), Object(CakeResponse))
#8 {main}
2013-12-10 03:17:30 Error: [MissingViewException] View file "/home/arek/HTML/YoutubeApp/app/View/Statistics/Unrelated/ajax.ctp" is missing.
Exception Attributes: array (
  'file' => '/home/arek/HTML/YoutubeApp/app/View/Statistics/Unrelated/ajax.ctp',
)
Request URL: /YoutubeApp/statistics/get_world_most_popular
Stack Trace:
#0 /home/arek/HTML/YoutubeApp/lib/Cake/View/View.php(457): View->_getViewFileName('Unrelated/ajax')
#1 /home/arek/HTML/YoutubeApp/lib/Cake/Controller/Controller.php(952): View->render('Unrelated/ajax', NULL)
#2 /home/arek/HTML/YoutubeApp/app/Controller/StatisticsController.php(14): Controller->render('Unrelated/ajax')
#3 [internal function]: StatisticsController->get_world_most_popular()
#4 /home/arek/HTML/YoutubeApp/lib/Cake/Controller/Controller.php(490): ReflectionMethod->invokeArgs(Object(StatisticsController), Array)
#5 /home/arek/HTML/YoutubeApp/lib/Cake/Routing/Dispatcher.php(185): Controller->invokeAction(Object(CakeRequest))
#6 /home/arek/HTML/YoutubeApp/lib/Cake/Routing/Dispatcher.php(160): Dispatcher->_invoke(Object(StatisticsController), Object(CakeRequest), Object(CakeResponse))
#7 /home/arek/HTML/YoutubeApp/app/webroot/index.php(108): Dispatcher->dispatch(Object(CakeRequest), Object(CakeResponse))
#8 {main}
2013-12-10 03:18:31 Error: [MissingViewException] View file "/home/arek/HTML/YoutubeApp/app/View/Statistics/Unrelated/ajax.ctp" is missing.
Exception Attributes: array (
  'file' => '/home/arek/HTML/YoutubeApp/app/View/Statistics/Unrelated/ajax.ctp',
)
Request URL: /YoutubeApp/statistics/get_world_most_popular
Stack Trace:
#0 /home/arek/HTML/YoutubeApp/lib/Cake/View/View.php(457): View->_getViewFileName('Unrelated/ajax')
#1 /home/arek/HTML/YoutubeApp/lib/Cake/Controller/Controller.php(952): View->render('Unrelated/ajax', NULL)
#2 /home/arek/HTML/YoutubeApp/app/Controller/StatisticsController.php(13): Controller->render('Unrelated/ajax')
#3 [internal function]: StatisticsController->get_world_most_popular()
#4 /home/arek/HTML/YoutubeApp/lib/Cake/Controller/Controller.php(490): ReflectionMethod->invokeArgs(Object(StatisticsController), Array)
#5 /home/arek/HTML/YoutubeApp/lib/Cake/Routing/Dispatcher.php(185): Controller->invokeAction(Object(CakeRequest))
#6 /home/arek/HTML/YoutubeApp/lib/Cake/Routing/Dispatcher.php(160): Dispatcher->_invoke(Object(StatisticsController), Object(CakeRequest), Object(CakeResponse))
#7 /home/arek/HTML/YoutubeApp/app/webroot/index.php(108): Dispatcher->dispatch(Object(CakeRequest), Object(CakeResponse))
#8 {main}
2013-12-10 03:20:07 Error: [MissingViewException] View file "/home/arek/HTML/YoutubeApp/app/View/Statistics/get_world_most_popular.ctp" is missing.
Exception Attributes: array (
  'file' => '/home/arek/HTML/YoutubeApp/app/View/Statistics/get_world_most_popular.ctp',
)
Request URL: /YoutubeApp/statistics/get_world_most_popular
Stack Trace:
#0 /home/arek/HTML/YoutubeApp/lib/Cake/View/View.php(457): View->_getViewFileName(NULL)
#1 /home/arek/HTML/YoutubeApp/lib/Cake/Controller/Controller.php(952): View->render(NULL, NULL)
#2 /home/arek/HTML/YoutubeApp/lib/Cake/Routing/Dispatcher.php(192): Controller->render()
#3 /home/arek/HTML/YoutubeApp/lib/Cake/Routing/Dispatcher.php(160): Dispatcher->_invoke(Object(StatisticsController), Object(CakeRequest), Object(CakeResponse))
#4 /home/arek/HTML/YoutubeApp/app/webroot/index.php(108): Dispatcher->dispatch(Object(CakeRequest), Object(CakeResponse))
#5 {main}
2013-12-10 03:20:51 Error: [MissingViewException] View file "/home/arek/HTML/YoutubeApp/app/View/Statistics/Unrelated/ajax.ctp" is missing.
Exception Attributes: array (
  'file' => '/home/arek/HTML/YoutubeApp/app/View/Statistics/Unrelated/ajax.ctp',
)
Request URL: /YoutubeApp/statistics/get_world_most_popular
Stack Trace:
#0 /home/arek/HTML/YoutubeApp/lib/Cake/View/View.php(457): View->_getViewFileName('Unrelated/ajax')
#1 /home/arek/HTML/YoutubeApp/lib/Cake/Controller/Controller.php(952): View->render('Unrelated/ajax', NULL)
#2 /home/arek/HTML/YoutubeApp/app/Controller/StatisticsController.php(14): Controller->render('Unrelated/ajax')
#3 [internal function]: StatisticsController->get_world_most_popular()
#4 /home/arek/HTML/YoutubeApp/lib/Cake/Controller/Controller.php(490): ReflectionMethod->invokeArgs(Object(StatisticsController), Array)
#5 /home/arek/HTML/YoutubeApp/lib/Cake/Routing/Dispatcher.php(185): Controller->invokeAction(Object(CakeRequest))
#6 /home/arek/HTML/YoutubeApp/lib/Cake/Routing/Dispatcher.php(160): Dispatcher->_invoke(Object(StatisticsController), Object(CakeRequest), Object(CakeResponse))
#7 /home/arek/HTML/YoutubeApp/app/webroot/index.php(108): Dispatcher->dispatch(Object(CakeRequest), Object(CakeResponse))
#8 {main}
2013-12-10 03:21:08 Error: [MissingViewException] View file "/home/arek/HTML/YoutubeApp/app/View/Statistics/Unrelated/ajax.ctp" is missing.
Exception Attributes: array (
  'file' => '/home/arek/HTML/YoutubeApp/app/View/Statistics/Unrelated/ajax.ctp',
)
Request URL: /YoutubeApp/statistics/get_world_most_popular
Stack Trace:
#0 /home/arek/HTML/YoutubeApp/lib/Cake/View/View.php(457): View->_getViewFileName('Unrelated/ajax')
#1 /home/arek/HTML/YoutubeApp/lib/Cake/Controller/Controller.php(952): View->render('Unrelated/ajax', NULL)
#2 /home/arek/HTML/YoutubeApp/app/Controller/StatisticsController.php(14): Controller->render('Unrelated/ajax')
#3 [internal function]: StatisticsController->get_world_most_popular()
#4 /home/arek/HTML/YoutubeApp/lib/Cake/Controller/Controller.php(490): ReflectionMethod->invokeArgs(Object(StatisticsController), Array)
#5 /home/arek/HTML/YoutubeApp/lib/Cake/Routing/Dispatcher.php(185): Controller->invokeAction(Object(CakeRequest))
#6 /home/arek/HTML/YoutubeApp/lib/Cake/Routing/Dispatcher.php(160): Dispatcher->_invoke(Object(StatisticsController), Object(CakeRequest), Object(CakeResponse))
#7 /home/arek/HTML/YoutubeApp/app/webroot/index.php(108): Dispatcher->dispatch(Object(CakeRequest), Object(CakeResponse))
#8 {main}
2013-12-10 03:23:15 Error: [MissingViewException] View file "/home/arek/HTML/YoutubeApp/app/View/Statistics/Unrelated/ajax.ctp" is missing.
Exception Attributes: array (
  'file' => '/home/arek/HTML/YoutubeApp/app/View/Statistics/Unrelated/ajax.ctp',
)
Request URL: /YoutubeApp/statistics/get_world_most_popular
Stack Trace:
#0 /home/arek/HTML/YoutubeApp/lib/Cake/View/View.php(457): View->_getViewFileName('Unrelated/ajax')
#1 /home/arek/HTML/YoutubeApp/lib/Cake/Controller/Controller.php(952): View->render('Unrelated/ajax', NULL)
#2 /home/arek/HTML/YoutubeApp/app/Controller/StatisticsController.php(14): Controller->render('Unrelated/ajax')
#3 [internal function]: StatisticsController->get_world_most_popular()
#4 /home/arek/HTML/YoutubeApp/lib/Cake/Controller/Controller.php(490): ReflectionMethod->invokeArgs(Object(StatisticsController), Array)
#5 /home/arek/HTML/YoutubeApp/lib/Cake/Routing/Dispatcher.php(185): Controller->invokeAction(Object(CakeRequest))
#6 /home/arek/HTML/YoutubeApp/lib/Cake/Routing/Dispatcher.php(160): Dispatcher->_invoke(Object(StatisticsController), Object(CakeRequest), Object(CakeResponse))
#7 /home/arek/HTML/YoutubeApp/app/webroot/index.php(108): Dispatcher->dispatch(Object(CakeRequest), Object(CakeResponse))
#8 {main}
2013-12-10 03:26:06 Error: [MissingViewException] View file "/home/arek/HTML/YoutubeApp/app/View/Statistics/Unrelated/ajax.ctp" is missing.
Exception Attributes: array (
  'file' => '/home/arek/HTML/YoutubeApp/app/View/Statistics/Unrelated/ajax.ctp',
)
Request URL: /YoutubeApp/statistics/get_world_most_popular
Stack Trace:
#0 /home/arek/HTML/YoutubeApp/lib/Cake/View/View.php(457): View->_getViewFileName('Unrelated/ajax')
#1 /home/arek/HTML/YoutubeApp/lib/Cake/Controller/Controller.php(952): View->render('Unrelated/ajax', NULL)
#2 /home/arek/HTML/YoutubeApp/app/Controller/StatisticsController.php(14): Controller->render('Unrelated/ajax')
#3 [internal function]: StatisticsController->get_world_most_popular()
#4 /home/arek/HTML/YoutubeApp/lib/Cake/Controller/Controller.php(490): ReflectionMethod->invokeArgs(Object(StatisticsController), Array)
#5 /home/arek/HTML/YoutubeApp/lib/Cake/Routing/Dispatcher.php(185): Controller->invokeAction(Object(CakeRequest))
#6 /home/arek/HTML/YoutubeApp/lib/Cake/Routing/Dispatcher.php(160): Dispatcher->_invoke(Object(StatisticsController), Object(CakeRequest), Object(CakeResponse))
#7 /home/arek/HTML/YoutubeApp/app/webroot/index.php(108): Dispatcher->dispatch(Object(CakeRequest), Object(CakeResponse))
#8 {main}
2013-12-10 03:49:16 Error: Fatal Error (1): Call to undefined method StatisticsController::getMostPopularVideos() in [/home/arek/HTML/YoutubeApp/app/Controller/StatisticsController.php, line 17]
2013-12-10 03:49:16 Error: [InternalErrorException] Internal Server Error
Request URL: /YoutubeApp/statistics/get_world_most_popular
Stack Trace:
#0 /home/arek/HTML/YoutubeApp/lib/Cake/Error/ErrorHandler.php(203): ErrorHandler::handleFatalError(1, 'Call to undefin...', '/home/arek/HTML...', 17)
#1 [internal function]: ErrorHandler::handleError(1, 'Call to undefin...', '/home/arek/HTML...', 17, Array)
#2 /home/arek/HTML/YoutubeApp/lib/Cake/Core/App.php(929): call_user_func('ErrorHandler::h...', 1, 'Call to undefin...', '/home/arek/HTML...', 17, Array)
#3 /home/arek/HTML/YoutubeApp/lib/Cake/Core/App.php(902): App::_checkFatalError()
#4 [internal function]: App::shutdown()
#5 {main}
2013-12-10 03:50:06 Error: Fatal Error (1): Call to undefined method StatisticsController::getMostPopularVideos() in [/home/arek/HTML/YoutubeApp/app/Controller/StatisticsController.php, line 17]
2013-12-10 03:50:06 Error: [InternalErrorException] Internal Server Error
Request URL: /YoutubeApp/statistics/get_world_most_popular
Stack Trace:
#0 /home/arek/HTML/YoutubeApp/lib/Cake/Error/ErrorHandler.php(203): ErrorHandler::handleFatalError(1, 'Call to undefin...', '/home/arek/HTML...', 17)
#1 [internal function]: ErrorHandler::handleError(1, 'Call to undefin...', '/home/arek/HTML...', 17, Array)
#2 /home/arek/HTML/YoutubeApp/lib/Cake/Core/App.php(929): call_user_func('ErrorHandler::h...', 1, 'Call to undefin...', '/home/arek/HTML...', 17, Array)
#3 /home/arek/HTML/YoutubeApp/lib/Cake/Core/App.php(902): App::_checkFatalError()
#4 [internal function]: App::shutdown()
#5 {main}
2013-12-10 03:52:41 Error: Fatal Error (1): Call to undefined method StatisticsController::getMostPopularVideos() in [/home/arek/HTML/YoutubeApp/app/Controller/StatisticsController.php, line 17]
2013-12-10 03:52:41 Error: [InternalErrorException] Internal Server Error
Request URL: /YoutubeApp/statistics/get_world_most_popular
Stack Trace:
#0 /home/arek/HTML/YoutubeApp/lib/Cake/Error/ErrorHandler.php(203): ErrorHandler::handleFatalError(1, 'Call to undefin...', '/home/arek/HTML...', 17)
#1 [internal function]: ErrorHandler::handleError(1, 'Call to undefin...', '/home/arek/HTML...', 17, Array)
#2 /home/arek/HTML/YoutubeApp/lib/Cake/Core/App.php(929): call_user_func('ErrorHandler::h...', 1, 'Call to undefin...', '/home/arek/HTML...', 17, Array)
#3 /home/arek/HTML/YoutubeApp/lib/Cake/Core/App.php(902): App::_checkFatalError()
#4 [internal function]: App::shutdown()
#5 {main}
2013-12-10 04:04:34 Error: Fatal Error (4): syntax error, unexpected ''aleczka";' (T_ENCAPSED_AND_WHITESPACE) in [/home/arek/HTML/YoutubeApp/app/Model/Statistic.php, line 14]
2013-12-10 04:04:34 Error: [InternalErrorException] Internal Server Error
Request URL: /YoutubeApp/statistics/get_world_most_popular
Stack Trace:
#0 /home/arek/HTML/YoutubeApp/lib/Cake/Error/ErrorHandler.php(203): ErrorHandler::handleFatalError(4, 'syntax error, u...', '/home/arek/HTML...', 14)
#1 [internal function]: ErrorHandler::handleError(4, 'syntax error, u...', '/home/arek/HTML...', 14, Array)
#2 /home/arek/HTML/YoutubeApp/lib/Cake/Core/App.php(929): call_user_func('ErrorHandler::h...', 4, 'syntax error, u...', '/home/arek/HTML...', 14, Array)
#3 /home/arek/HTML/YoutubeApp/lib/Cake/Core/App.php(902): App::_checkFatalError()
#4 [internal function]: App::shutdown()
#5 {main}
2013-12-10 04:04:57 Error: Fatal Error (4): syntax error, unexpected ''aleczka";' (T_ENCAPSED_AND_WHITESPACE) in [/home/arek/HTML/YoutubeApp/app/Model/Statistic.php, line 14]
2013-12-10 04:04:57 Error: [InternalErrorException] Internal Server Error
Request URL: /YoutubeApp/statistics/get_world_most_popular
Stack Trace:
#0 /home/arek/HTML/YoutubeApp/lib/Cake/Error/ErrorHandler.php(203): ErrorHandler::handleFatalError(4, 'syntax error, u...', '/home/arek/HTML...', 14)
#1 [internal function]: ErrorHandler::handleError(4, 'syntax error, u...', '/home/arek/HTML...', 14, Array)
#2 /home/arek/HTML/YoutubeApp/lib/Cake/Core/App.php(929): call_user_func('ErrorHandler::h...', 4, 'syntax error, u...', '/home/arek/HTML...', 14, Array)
#3 /home/arek/HTML/YoutubeApp/lib/Cake/Core/App.php(902): App::_checkFatalError()
#4 [internal function]: App::shutdown()
#5 {main}
2013-12-10 04:05:13 Error: Fatal Error (4): syntax error, unexpected ''aleczka";' (T_ENCAPSED_AND_WHITESPACE) in [/home/arek/HTML/YoutubeApp/app/Model/Statistic.php, line 14]
2013-12-10 04:05:13 Error: [FatalErrorException] syntax error, unexpected ''aleczka";' (T_ENCAPSED_AND_WHITESPACE)
Request URL: /YoutubeApp/statistics/get_world_most_popular
Stack Trace:
#0 /home/arek/HTML/YoutubeApp/lib/Cake/Error/ErrorHandler.php(203): ErrorHandler::handleFatalError(4, 'syntax error, u...', '/home/arek/HTML...', 14)
#1 [internal function]: ErrorHandler::handleError(4, 'syntax error, u...', '/home/arek/HTML...', 14, Array)
#2 /home/arek/HTML/YoutubeApp/lib/Cake/Core/App.php(929): call_user_func('ErrorHandler::h...', 4, 'syntax error, u...', '/home/arek/HTML...', 14, Array)
#3 /home/arek/HTML/YoutubeApp/lib/Cake/Core/App.php(902): App::_checkFatalError()
#4 [internal function]: App::shutdown()
#5 {main}
2013-12-10 04:05:47 Error: [Exception] Empty country code
Request URL: /YoutubeApp/statistics/get_world_most_popular
Stack Trace:
#0 /home/arek/HTML/YoutubeApp/app/Controller/StatisticsController.php(18): Statistic->getMostPopularVideos('ca')
#1 [internal function]: StatisticsController->get_world_most_popular()
#2 /home/arek/HTML/YoutubeApp/lib/Cake/Controller/Controller.php(490): ReflectionMethod->invokeArgs(Object(StatisticsController), Array)
#3 /home/arek/HTML/YoutubeApp/lib/Cake/Routing/Dispatcher.php(185): Controller->invokeAction(Object(CakeRequest))
#4 /home/arek/HTML/YoutubeApp/lib/Cake/Routing/Dispatcher.php(160): Dispatcher->_invoke(Object(StatisticsController), Object(CakeRequest), Object(CakeResponse))
#5 /home/arek/HTML/YoutubeApp/app/webroot/index.php(108): Dispatcher->dispatch(Object(CakeRequest), Object(CakeResponse))
#6 {main}
2013-12-10 04:06:53 Error: [Exception] Empty country code
Request URL: /YoutubeApp/statistics/get_world_most_popular
Stack Trace:
#0 /home/arek/HTML/YoutubeApp/app/Controller/StatisticsController.php(18): Statistic->getMostPopularVideos('ca', 'small')
#1 [internal function]: StatisticsController->get_world_most_popular()
#2 /home/arek/HTML/YoutubeApp/lib/Cake/Controller/Controller.php(490): ReflectionMethod->invokeArgs(Object(StatisticsController), Array)
#3 /home/arek/HTML/YoutubeApp/lib/Cake/Routing/Dispatcher.php(185): Controller->invokeAction(Object(CakeRequest))
#4 /home/arek/HTML/YoutubeApp/lib/Cake/Routing/Dispatcher.php(160): Dispatcher->_invoke(Object(StatisticsController), Object(CakeRequest), Object(CakeResponse))
#5 /home/arek/HTML/YoutubeApp/app/webroot/index.php(108): Dispatcher->dispatch(Object(CakeRequest), Object(CakeResponse))
#6 {main}
2013-12-10 04:07:50 Error: [Exception] Empty country code
Request URL: /YoutubeApp/statistics/get_world_most_popular
Stack Trace:
#0 /home/arek/HTML/YoutubeApp/app/Controller/StatisticsController.php(18): Statistic->getMostPopularVideos('ca', 'small')
#1 [internal function]: StatisticsController->get_world_most_popular()
#2 /home/arek/HTML/YoutubeApp/lib/Cake/Controller/Controller.php(490): ReflectionMethod->invokeArgs(Object(StatisticsController), Array)
#3 /home/arek/HTML/YoutubeApp/lib/Cake/Routing/Dispatcher.php(185): Controller->invokeAction(Object(CakeRequest))
#4 /home/arek/HTML/YoutubeApp/lib/Cake/Routing/Dispatcher.php(160): Dispatcher->_invoke(Object(StatisticsController), Object(CakeRequest), Object(CakeResponse))
#5 /home/arek/HTML/YoutubeApp/app/webroot/index.php(108): Dispatcher->dispatch(Object(CakeRequest), Object(CakeResponse))
#6 {main}
2013-12-10 04:08:19 Error: [Exception] Malformed data
Request URL: /YoutubeApp/statistics/get_world_most_popular
Stack Trace:
#0 /home/arek/HTML/YoutubeApp/app/Controller/StatisticsController.php(18): Statistic->getMostPopularVideos('ca', 'small')
#1 [internal function]: StatisticsController->get_world_most_popular()
#2 /home/arek/HTML/YoutubeApp/lib/Cake/Controller/Controller.php(490): ReflectionMethod->invokeArgs(Object(StatisticsController), Array)
#3 /home/arek/HTML/YoutubeApp/lib/Cake/Routing/Dispatcher.php(185): Controller->invokeAction(Object(CakeRequest))
#4 /home/arek/HTML/YoutubeApp/lib/Cake/Routing/Dispatcher.php(160): Dispatcher->_invoke(Object(StatisticsController), Object(CakeRequest), Object(CakeResponse))
#5 /home/arek/HTML/YoutubeApp/app/webroot/index.php(108): Dispatcher->dispatch(Object(CakeRequest), Object(CakeResponse))
#6 {main}
2013-12-10 04:08:36 Error: [Exception] Malformed data
Request URL: /YoutubeApp/statistics/get_world_most_popular
Stack Trace:
#0 /home/arek/HTML/YoutubeApp/app/Controller/StatisticsController.php(18): Statistic->getMostPopularVideos('ca', 'small')
#1 [internal function]: StatisticsController->get_world_most_popular()
#2 /home/arek/HTML/YoutubeApp/lib/Cake/Controller/Controller.php(490): ReflectionMethod->invokeArgs(Object(StatisticsController), Array)
#3 /home/arek/HTML/YoutubeApp/lib/Cake/Routing/Dispatcher.php(185): Controller->invokeAction(Object(CakeRequest))
#4 /home/arek/HTML/YoutubeApp/lib/Cake/Routing/Dispatcher.php(160): Dispatcher->_invoke(Object(StatisticsController), Object(CakeRequest), Object(CakeResponse))
#5 /home/arek/HTML/YoutubeApp/app/webroot/index.php(108): Dispatcher->dispatch(Object(CakeRequest), Object(CakeResponse))
#6 {main}
2013-12-10 04:19:40 Error: Fatal Error (1): Maximum function nesting level of '100' reached, aborting! in [/home/arek/HTML/YoutubeApp/app/Vendor/redis/redis_for_abs.php, line 58]
2013-12-10 04:19:40 Error: [FatalErrorException] Maximum function nesting level of '100' reached, aborting!
Request URL: /YoutubeApp/statistics/get_world_most_popular
Stack Trace:
#0 /home/arek/HTML/YoutubeApp/lib/Cake/Error/ErrorHandler.php(203): ErrorHandler::handleFatalError(1, 'Maximum functio...', '/home/arek/HTML...', 58)
#1 [internal function]: ErrorHandler::handleError(1, 'Maximum functio...', '/home/arek/HTML...', 58, Array)
#2 /home/arek/HTML/YoutubeApp/lib/Cake/Core/App.php(929): call_user_func('ErrorHandler::h...', 1, 'Maximum functio...', '/home/arek/HTML...', 58, Array)
#3 /home/arek/HTML/YoutubeApp/lib/Cake/Core/App.php(902): App::_checkFatalError()
#4 [internal function]: App::shutdown()
#5 {main}
2013-12-10 04:45:31 Error: [MissingControllerException] Controller class CssController could not be found.
Exception Attributes: array (
  'class' => 'CssController',
  'plugin' => NULL,
)
Request URL: /YoutubeApp/css/jmap/jquery.qtip.css
Stack Trace:
#0 /home/arek/HTML/YoutubeApp/app/webroot/index.php(108): Dispatcher->dispatch(Object(CakeRequest), Object(CakeResponse))
#1 {main}
2013-12-10 04:45:31 Error: [MissingControllerException] Controller class JsController could not be found.
Exception Attributes: array (
  'class' => 'JsController',
  'plugin' => NULL,
)
Request URL: /YoutubeApp/js/jmap/jquery.qtip.js
Stack Trace:
#0 /home/arek/HTML/YoutubeApp/app/webroot/index.php(108): Dispatcher->dispatch(Object(CakeRequest), Object(CakeResponse))
#1 {main}
2013-12-10 04:57:03 Error: [Exception] Malformed data
Request URL: /YoutubeApp/statistics/get_world_most_popular
Stack Trace:
#0 /home/arek/HTML/YoutubeApp/app/Controller/StatisticsController.php(18): Statistic->getMostPopularVideos('cf', 'small')
#1 [internal function]: StatisticsController->get_world_most_popular()
#2 /home/arek/HTML/YoutubeApp/lib/Cake/Controller/Controller.php(490): ReflectionMethod->invokeArgs(Object(StatisticsController), Array)
#3 /home/arek/HTML/YoutubeApp/lib/Cake/Routing/Dispatcher.php(185): Controller->invokeAction(Object(CakeRequest))
#4 /home/arek/HTML/YoutubeApp/lib/Cake/Routing/Dispatcher.php(160): Dispatcher->_invoke(Object(StatisticsController), Object(CakeRequest), Object(CakeResponse))
#5 /home/arek/HTML/YoutubeApp/app/webroot/index.php(108): Dispatcher->dispatch(Object(CakeRequest), Object(CakeResponse))
#6 {main}
2013-12-10 05:04:38 Error: [Exception] Malformed data
Request URL: /YoutubeApp/statistics/get_world_most_popular
Stack Trace:
#0 /home/arek/HTML/YoutubeApp/app/Controller/StatisticsController.php(18): Statistic->getMostPopularVideos('py', 'small')
#1 [internal function]: StatisticsController->get_world_most_popular()
#2 /home/arek/HTML/YoutubeApp/lib/Cake/Controller/Controller.php(490): ReflectionMethod->invokeArgs(Object(StatisticsController), Array)
#3 /home/arek/HTML/YoutubeApp/lib/Cake/Routing/Dispatcher.php(185): Controller->invokeAction(Object(CakeRequest))
#4 /home/arek/HTML/YoutubeApp/lib/Cake/Routing/Dispatcher.php(160): Dispatcher->_invoke(Object(StatisticsController), Object(CakeRequest), Object(CakeResponse))
#5 /home/arek/HTML/YoutubeApp/app/webroot/index.php(108): Dispatcher->dispatch(Object(CakeRequest), Object(CakeResponse))
#6 {main}
2013-12-10 05:35:26 Error: [Exception] Malformed data
Request URL: /YoutubeApp/statistics/get_world_most_popular
Stack Trace:
#0 /home/arek/HTML/YoutubeApp/app/Controller/StatisticsController.php(18): Statistic->getMostPopularVideos('gl', 'small')
#1 [internal function]: StatisticsController->get_world_most_popular()
#2 /home/arek/HTML/YoutubeApp/lib/Cake/Controller/Controller.php(490): ReflectionMethod->invokeArgs(Object(StatisticsController), Array)
#3 /home/arek/HTML/YoutubeApp/lib/Cake/Routing/Dispatcher.php(185): Controller->invokeAction(Object(CakeRequest))
#4 /home/arek/HTML/YoutubeApp/lib/Cake/Routing/Dispatcher.php(160): Dispatcher->_invoke(Object(StatisticsController), Object(CakeRequest), Object(CakeResponse))
#5 /home/arek/HTML/YoutubeApp/app/webroot/index.php(108): Dispatcher->dispatch(Object(CakeRequest), Object(CakeResponse))
#6 {main}
2013-12-10 06:00:57 Error: [Exception] Malformed data
Request URL: /YoutubeApp/statistics/get_world_most_popular
Stack Trace:
#0 /home/arek/HTML/YoutubeApp/app/Controller/StatisticsController.php(17): Statistic->getMostPopularVideos('cn', 'small')
#1 [internal function]: StatisticsController->get_world_most_popular()
#2 /home/arek/HTML/YoutubeApp/lib/Cake/Controller/Controller.php(490): ReflectionMethod->invokeArgs(Object(StatisticsController), Array)
#3 /home/arek/HTML/YoutubeApp/lib/Cake/Routing/Dispatcher.php(185): Controller->invokeAction(Object(CakeRequest))
#4 /home/arek/HTML/YoutubeApp/lib/Cake/Routing/Dispatcher.php(160): Dispatcher->_invoke(Object(StatisticsController), Object(CakeRequest), Object(CakeResponse))
#5 /home/arek/HTML/YoutubeApp/app/webroot/index.php(108): Dispatcher->dispatch(Object(CakeRequest), Object(CakeResponse))
#6 {main}
2013-12-10 07:35:53 Error: [Exception] Malformed data
Request URL: /YoutubeApp/statistics/get_world_most_popular
Stack Trace:
#0 /home/arek/HTML/YoutubeApp/app/Controller/StatisticsController.php(17): Statistic->getMostPopularVideos('gl', 'small')
#1 [internal function]: StatisticsController->get_world_most_popular()
#2 /home/arek/HTML/YoutubeApp/lib/Cake/Controller/Controller.php(490): ReflectionMethod->invokeArgs(Object(StatisticsController), Array)
#3 /home/arek/HTML/YoutubeApp/lib/Cake/Routing/Dispatcher.php(185): Controller->invokeAction(Object(CakeRequest))
#4 /home/arek/HTML/YoutubeApp/lib/Cake/Routing/Dispatcher.php(160): Dispatcher->_invoke(Object(StatisticsController), Object(CakeRequest), Object(CakeResponse))
#5 /home/arek/HTML/YoutubeApp/app/webroot/index.php(108): Dispatcher->dispatch(Object(CakeRequest), Object(CakeResponse))
#6 {main}
2013-12-10 07:35:56 Error: [Exception] Malformed data
Request URL: /YoutubeApp/statistics/get_world_most_popular
Stack Trace:
#0 /home/arek/HTML/YoutubeApp/app/Controller/StatisticsController.php(17): Statistic->getMostPopularVideos('dz', 'small')
#1 [internal function]: StatisticsController->get_world_most_popular()
#2 /home/arek/HTML/YoutubeApp/lib/Cake/Controller/Controller.php(490): ReflectionMethod->invokeArgs(Object(StatisticsController), Array)
#3 /home/arek/HTML/YoutubeApp/lib/Cake/Routing/Dispatcher.php(185): Controller->invokeAction(Object(CakeRequest))
#4 /home/arek/HTML/YoutubeApp/lib/Cake/Routing/Dispatcher.php(160): Dispatcher->_invoke(Object(StatisticsController), Object(CakeRequest), Object(CakeResponse))
#5 /home/arek/HTML/YoutubeApp/app/webroot/index.php(108): Dispatcher->dispatch(Object(CakeRequest), Object(CakeResponse))
#6 {main}
2013-12-10 07:36:00 Error: [Exception] Malformed data
Request URL: /YoutubeApp/statistics/get_world_most_popular
Stack Trace:
#0 /home/arek/HTML/YoutubeApp/app/Controller/StatisticsController.php(17): Statistic->getMostPopularVideos('gl', 'small')
#1 [internal function]: StatisticsController->get_world_most_popular()
#2 /home/arek/HTML/YoutubeApp/lib/Cake/Controller/Controller.php(490): ReflectionMethod->invokeArgs(Object(StatisticsController), Array)
#3 /home/arek/HTML/YoutubeApp/lib/Cake/Routing/Dispatcher.php(185): Controller->invokeAction(Object(CakeRequest))
#4 /home/arek/HTML/YoutubeApp/lib/Cake/Routing/Dispatcher.php(160): Dispatcher->_invoke(Object(StatisticsController), Object(CakeRequest), Object(CakeResponse))
#5 /home/arek/HTML/YoutubeApp/app/webroot/index.php(108): Dispatcher->dispatch(Object(CakeRequest), Object(CakeResponse))
#6 {main}
2013-12-10 07:36:43 Error: [Exception] Malformed data
Request URL: /YoutubeApp/statistics/get_world_most_popular
Stack Trace:
#0 /home/arek/HTML/YoutubeApp/app/Controller/StatisticsController.php(17): Statistic->getMostPopularVideos('gl', 'small')
#1 [internal function]: StatisticsController->get_world_most_popular()
#2 /home/arek/HTML/YoutubeApp/lib/Cake/Controller/Controller.php(490): ReflectionMethod->invokeArgs(Object(StatisticsController), Array)
#3 /home/arek/HTML/YoutubeApp/lib/Cake/Routing/Dispatcher.php(185): Controller->invokeAction(Object(CakeRequest))
#4 /home/arek/HTML/YoutubeApp/lib/Cake/Routing/Dispatcher.php(160): Dispatcher->_invoke(Object(StatisticsController), Object(CakeRequest), Object(CakeResponse))
#5 /home/arek/HTML/YoutubeApp/app/webroot/index.php(108): Dispatcher->dispatch(Object(CakeRequest), Object(CakeResponse))
#6 {main}
2013-12-10 08:04:18 Error: [MissingControllerException] Controller class CssController could not be found.
Exception Attributes: array (
  'class' => 'CssController',
  'plugin' => NULL,
)
Request URL: /YoutubeApp/css/images/controls.png
Stack Trace:
#0 /home/arek/HTML/YoutubeApp/app/webroot/index.php(108): Dispatcher->dispatch(Object(CakeRequest), Object(CakeResponse))
#1 {main}
2013-12-10 08:04:19 Error: [MissingControllerException] Controller class CssController could not be found.
Exception Attributes: array (
  'class' => 'CssController',
  'plugin' => NULL,
)
Request URL: /YoutubeApp/css/images/bx_loader.gif
Stack Trace:
#0 /home/arek/HTML/YoutubeApp/app/webroot/index.php(108): Dispatcher->dispatch(Object(CakeRequest), Object(CakeResponse))
#1 {main}
2013-12-10 08:05:39 Error: [MissingControllerException] Controller class CssController could not be found.
Exception Attributes: array (
  'class' => 'CssController',
  'plugin' => NULL,
)
Request URL: /YoutubeApp/css/images/controls.png
Stack Trace:
#0 /home/arek/HTML/YoutubeApp/app/webroot/index.php(108): Dispatcher->dispatch(Object(CakeRequest), Object(CakeResponse))
#1 {main}
2013-12-10 08:05:39 Error: [MissingControllerException] Controller class CssController could not be found.
Exception Attributes: array (
  'class' => 'CssController',
  'plugin' => NULL,
)
Request URL: /YoutubeApp/css/images/bx_loader.gif
Stack Trace:
#0 /home/arek/HTML/YoutubeApp/app/webroot/index.php(108): Dispatcher->dispatch(Object(CakeRequest), Object(CakeResponse))
#1 {main}
2013-12-10 08:06:01 Error: [MissingControllerException] Controller class CssController could not be found.
Exception Attributes: array (
  'class' => 'CssController',
  'plugin' => NULL,
)
Request URL: /YoutubeApp/css/images/bx_loader.gif
Stack Trace:
#0 /home/arek/HTML/YoutubeApp/app/webroot/index.php(108): Dispatcher->dispatch(Object(CakeRequest), Object(CakeResponse))
#1 {main}
2013-12-10 08:06:01 Error: [MissingControllerException] Controller class CssController could not be found.
Exception Attributes: array (
  'class' => 'CssController',
  'plugin' => NULL,
)
Request URL: /YoutubeApp/css/images/controls.png
Stack Trace:
#0 /home/arek/HTML/YoutubeApp/app/webroot/index.php(108): Dispatcher->dispatch(Object(CakeRequest), Object(CakeResponse))
#1 {main}
2013-12-10 08:08:02 Error: [MissingControllerException] Controller class CssController could not be found.
Exception Attributes: array (
  'class' => 'CssController',
  'plugin' => NULL,
)
Request URL: /YoutubeApp/css/images/bx_loader.gif
Stack Trace:
#0 /home/arek/HTML/YoutubeApp/app/webroot/index.php(108): Dispatcher->dispatch(Object(CakeRequest), Object(CakeResponse))
#1 {main}
2013-12-10 08:08:02 Error: [MissingControllerException] Controller class CssController could not be found.
Exception Attributes: array (
  'class' => 'CssController',
  'plugin' => NULL,
)
Request URL: /YoutubeApp/css/images/controls.png
Stack Trace:
#0 /home/arek/HTML/YoutubeApp/app/webroot/index.php(108): Dispatcher->dispatch(Object(CakeRequest), Object(CakeResponse))
#1 {main}
2013-12-11 23:28:21 Error: [Exception] DateTime::__construct() [<a href='http://php.net/datetime.construct'>datetime.construct</a>]: It is not safe to rely on the system's timezone settings. You are *required* to use the date.timezone setting or the date_default_timezone_set() function. In case you used any of those methods and you are still getting this warning, you most likely misspelled the timezone identifier. We selected the timezone 'UTC' for now, but please set date.timezone to select your timezone.
Stack Trace:
#0 /home/arek/HTML/YoutubeApp/lib/Cake/Network/CakeResponse.php(1057): DateTime->__construct('2013-12-03 18:2...')
#1 /home/arek/HTML/YoutubeApp/lib/Cake/Network/CakeResponse.php(961): CakeResponse->_getUTCDate(1386095020)
#2 /home/arek/HTML/YoutubeApp/lib/Cake/Routing/Filter/AssetDispatcher.php(62): CakeResponse->modified(1386095020)
#3 [internal function]: AssetDispatcher->beforeDispatch(Object(CakeEvent))
#4 /home/arek/HTML/YoutubeApp/lib/Cake/Event/CakeEventManager.php(247): call_user_func(Array, Object(CakeEvent))
#5 /home/arek/HTML/YoutubeApp/lib/Cake/Routing/Dispatcher.php(140): CakeEventManager->dispatch(Object(CakeEvent))
#6 /home/arek/HTML/YoutubeApp/app/webroot/index.php(108): Dispatcher->dispatch(Object(CakeRequest), Object(CakeResponse))
#7 {main}
2013-12-11 23:28:21 Error: [Exception] DateTime::__construct() [<a href='http://php.net/datetime.construct'>datetime.construct</a>]: It is not safe to rely on the system's timezone settings. You are *required* to use the date.timezone setting or the date_default_timezone_set() function. In case you used any of those methods and you are still getting this warning, you most likely misspelled the timezone identifier. We selected the timezone 'UTC' for now, but please set date.timezone to select your timezone.
Stack Trace:
#0 /home/arek/HTML/YoutubeApp/lib/Cake/Network/CakeResponse.php(1057): DateTime->__construct('2013-12-03 18:2...')
#1 /home/arek/HTML/YoutubeApp/lib/Cake/Network/CakeResponse.php(961): CakeResponse->_getUTCDate(1386095020)
#2 /home/arek/HTML/YoutubeApp/lib/Cake/Routing/Filter/AssetDispatcher.php(62): CakeResponse->modified(1386095020)
#3 [internal function]: AssetDispatcher->beforeDispatch(Object(CakeEvent))
#4 /home/arek/HTML/YoutubeApp/lib/Cake/Event/CakeEventManager.php(247): call_user_func(Array, Object(CakeEvent))
#5 /home/arek/HTML/YoutubeApp/lib/Cake/Routing/Dispatcher.php(140): CakeEventManager->dispatch(Object(CakeEvent))
#6 /home/arek/HTML/YoutubeApp/app/webroot/index.php(108): Dispatcher->dispatch(Object(CakeRequest), Object(CakeResponse))
#7 {main}
2013-12-11 23:28:22 Error: [Exception] DateTime::__construct() [<a href='http://php.net/datetime.construct'>datetime.construct</a>]: It is not safe to rely on the system's timezone settings. You are *required* to use the date.timezone setting or the date_default_timezone_set() function. In case you used any of those methods and you are still getting this warning, you most likely misspelled the timezone identifier. We selected the timezone 'UTC' for now, but please set date.timezone to select your timezone.
Stack Trace:
#0 /home/arek/HTML/YoutubeApp/lib/Cake/Network/CakeResponse.php(1057): DateTime->__construct('2013-12-03 18:2...')
#1 /home/arek/HTML/YoutubeApp/lib/Cake/Network/CakeResponse.php(961): CakeResponse->_getUTCDate(1386095020)
#2 /home/arek/HTML/YoutubeApp/lib/Cake/Routing/Filter/AssetDispatcher.php(62): CakeResponse->modified(1386095020)
#3 [internal function]: AssetDispatcher->beforeDispatch(Object(CakeEvent))
#4 /home/arek/HTML/YoutubeApp/lib/Cake/Event/CakeEventManager.php(247): call_user_func(Array, Object(CakeEvent))
#5 /home/arek/HTML/YoutubeApp/lib/Cake/Routing/Dispatcher.php(140): CakeEventManager->dispatch(Object(CakeEvent))
#6 /home/arek/HTML/YoutubeApp/app/webroot/index.php(108): Dispatcher->dispatch(Object(CakeRequest), Object(CakeResponse))
#7 {main}
2014-01-12 21:13:34 Warning: Warning (2): Invalid argument supplied for foreach() in [/home/arek/HTML/YoutubeApp/app/View/Statistics/get_world_most_popular.ctp, line 24]
Trace:
include - APP/View/Statistics/get_world_most_popular.ctp, line 24
View::_evaluate() - CORE/Cake/View/View.php, line 929
View::_render() - CORE/Cake/View/View.php, line 891
View::render() - CORE/Cake/View/View.php, line 460
Controller::render() - CORE/Cake/Controller/Controller.php, line 952
Dispatcher::_invoke() - CORE/Cake/Routing/Dispatcher.php, line 192
Dispatcher::dispatch() - CORE/Cake/Routing/Dispatcher.php, line 160
[main] - APP/webroot/index.php, line 108

2014-01-12 21:13:34 Warning: Warning (2): Invalid argument supplied for foreach() in [/home/arek/HTML/YoutubeApp/app/View/Statistics/get_world_most_popular.ctp, line 24]
Trace:
include - APP/View/Statistics/get_world_most_popular.ctp, line 24
View::_evaluate() - CORE/Cake/View/View.php, line 929
View::_render() - CORE/Cake/View/View.php, line 891
View::render() - CORE/Cake/View/View.php, line 460
Controller::render() - CORE/Cake/Controller/Controller.php, line 952
Dispatcher::_invoke() - CORE/Cake/Routing/Dispatcher.php, line 192
Dispatcher::dispatch() - CORE/Cake/Routing/Dispatcher.php, line 160
[main] - APP/webroot/index.php, line 108

2014-01-12 21:13:35 Warning: Warning (2): Invalid argument supplied for foreach() in [/home/arek/HTML/YoutubeApp/app/View/Statistics/get_world_most_popular.ctp, line 24]
Trace:
include - APP/View/Statistics/get_world_most_popular.ctp, line 24
View::_evaluate() - CORE/Cake/View/View.php, line 929
View::_render() - CORE/Cake/View/View.php, line 891
View::render() - CORE/Cake/View/View.php, line 460
Controller::render() - CORE/Cake/Controller/Controller.php, line 952
Dispatcher::_invoke() - CORE/Cake/Routing/Dispatcher.php, line 192
Dispatcher::dispatch() - CORE/Cake/Routing/Dispatcher.php, line 160
[main] - APP/webroot/index.php, line 108

2014-01-12 21:13:35 Warning: Warning (2): Invalid argument supplied for foreach() in [/home/arek/HTML/YoutubeApp/app/View/Statistics/get_world_most_popular.ctp, line 24]
Trace:
include - APP/View/Statistics/get_world_most_popular.ctp, line 24
View::_evaluate() - CORE/Cake/View/View.php, line 929
View::_render() - CORE/Cake/View/View.php, line 891
View::render() - CORE/Cake/View/View.php, line 460
Controller::render() - CORE/Cake/Controller/Controller.php, line 952
Dispatcher::_invoke() - CORE/Cake/Routing/Dispatcher.php, line 192
Dispatcher::dispatch() - CORE/Cake/Routing/Dispatcher.php, line 160
[main] - APP/webroot/index.php, line 108

2014-01-12 21:13:43 Warning: Warning (2): Invalid argument supplied for foreach() in [/home/arek/HTML/YoutubeApp/app/View/Statistics/get_world_most_popular.ctp, line 24]
Trace:
include - APP/View/Statistics/get_world_most_popular.ctp, line 24
View::_evaluate() - CORE/Cake/View/View.php, line 929
View::_render() - CORE/Cake/View/View.php, line 891
View::render() - CORE/Cake/View/View.php, line 460
Controller::render() - CORE/Cake/Controller/Controller.php, line 952
Dispatcher::_invoke() - CORE/Cake/Routing/Dispatcher.php, line 192
Dispatcher::dispatch() - CORE/Cake/Routing/Dispatcher.php, line 160
[main] - APP/webroot/index.php, line 108

2014-01-12 21:13:43 Warning: Warning (2): Invalid argument supplied for foreach() in [/home/arek/HTML/YoutubeApp/app/View/Statistics/get_world_most_popular.ctp, line 24]
Trace:
include - APP/View/Statistics/get_world_most_popular.ctp, line 24
View::_evaluate() - CORE/Cake/View/View.php, line 929
View::_render() - CORE/Cake/View/View.php, line 891
View::render() - CORE/Cake/View/View.php, line 460
Controller::render() - CORE/Cake/Controller/Controller.php, line 952
Dispatcher::_invoke() - CORE/Cake/Routing/Dispatcher.php, line 192
Dispatcher::dispatch() - CORE/Cake/Routing/Dispatcher.php, line 160
[main] - APP/webroot/index.php, line 108

2014-01-12 21:13:43 Warning: Warning (2): Invalid argument supplied for foreach() in [/home/arek/HTML/YoutubeApp/app/View/Statistics/get_world_most_popular.ctp, line 24]
Trace:
include - APP/View/Statistics/get_world_most_popular.ctp, line 24
View::_evaluate() - CORE/Cake/View/View.php, line 929
View::_render() - CORE/Cake/View/View.php, line 891
View::render() - CORE/Cake/View/View.php, line 460
Controller::render() - CORE/Cake/Controller/Controller.php, line 952
Dispatcher::_invoke() - CORE/Cake/Routing/Dispatcher.php, line 192
Dispatcher::dispatch() - CORE/Cake/Routing/Dispatcher.php, line 160
[main] - APP/webroot/index.php, line 108

2014-01-12 21:13:43 Warning: Warning (2): Invalid argument supplied for foreach() in [/home/arek/HTML/YoutubeApp/app/View/Statistics/get_world_most_popular.ctp, line 24]
Trace:
include - APP/View/Statistics/get_world_most_popular.ctp, line 24
View::_evaluate() - CORE/Cake/View/View.php, line 929
View::_render() - CORE/Cake/View/View.php, line 891
View::render() - CORE/Cake/View/View.php, line 460
Controller::render() - CORE/Cake/Controller/Controller.php, line 952
Dispatcher::_invoke() - CORE/Cake/Routing/Dispatcher.php, line 192
Dispatcher::dispatch() - CORE/Cake/Routing/Dispatcher.php, line 160
[main] - APP/webroot/index.php, line 108

2014-01-12 21:13:43 Warning: Warning (2): Invalid argument supplied for foreach() in [/home/arek/HTML/YoutubeApp/app/View/Statistics/get_world_most_popular.ctp, line 24]
Trace:
include - APP/View/Statistics/get_world_most_popular.ctp, line 24
View::_evaluate() - CORE/Cake/View/View.php, line 929
View::_render() - CORE/Cake/View/View.php, line 891
View::render() - CORE/Cake/View/View.php, line 460
Controller::render() - CORE/Cake/Controller/Controller.php, line 952
Dispatcher::_invoke() - CORE/Cake/Routing/Dispatcher.php, line 192
Dispatcher::dispatch() - CORE/Cake/Routing/Dispatcher.php, line 160
[main] - APP/webroot/index.php, line 108

2014-01-12 21:13:43 Warning: Warning (2): Invalid argument supplied for foreach() in [/home/arek/HTML/YoutubeApp/app/View/Statistics/get_world_most_popular.ctp, line 24]
Trace:
include - APP/View/Statistics/get_world_most_popular.ctp, line 24
View::_evaluate() - CORE/Cake/View/View.php, line 929
View::_render() - CORE/Cake/View/View.php, line 891
View::render() - CORE/Cake/View/View.php, line 460
Controller::render() - CORE/Cake/Controller/Controller.php, line 952
Dispatcher::_invoke() - CORE/Cake/Routing/Dispatcher.php, line 192
Dispatcher::dispatch() - CORE/Cake/Routing/Dispatcher.php, line 160
[main] - APP/webroot/index.php, line 108

2014-01-12 21:13:43 Warning: Warning (2): Invalid argument supplied for foreach() in [/home/arek/HTML/YoutubeApp/app/View/Statistics/get_world_most_popular.ctp, line 24]
Trace:
include - APP/View/Statistics/get_world_most_popular.ctp, line 24
View::_evaluate() - CORE/Cake/View/View.php, line 929
View::_render() - CORE/Cake/View/View.php, line 891
View::render() - CORE/Cake/View/View.php, line 460
Controller::render() - CORE/Cake/Controller/Controller.php, line 952
Dispatcher::_invoke() - CORE/Cake/Routing/Dispatcher.php, line 192
Dispatcher::dispatch() - CORE/Cake/Routing/Dispatcher.php, line 160
[main] - APP/webroot/index.php, line 108

2014-01-12 21:13:43 Warning: Warning (2): Invalid argument supplied for foreach() in [/home/arek/HTML/YoutubeApp/app/View/Statistics/get_world_most_popular.ctp, line 24]
Trace:
include - APP/View/Statistics/get_world_most_popular.ctp, line 24
View::_evaluate() - CORE/Cake/View/View.php, line 929
View::_render() - CORE/Cake/View/View.php, line 891
View::render() - CORE/Cake/View/View.php, line 460
Controller::render() - CORE/Cake/Controller/Controller.php, line 952
Dispatcher::_invoke() - CORE/Cake/Routing/Dispatcher.php, line 192
Dispatcher::dispatch() - CORE/Cake/Routing/Dispatcher.php, line 160
[main] - APP/webroot/index.php, line 108

2014-01-12 21:13:48 Warning: Warning (2): Invalid argument supplied for foreach() in [/home/arek/HTML/YoutubeApp/app/View/Statistics/get_world_most_popular.ctp, line 24]
Trace:
include - APP/View/Statistics/get_world_most_popular.ctp, line 24
View::_evaluate() - CORE/Cake/View/View.php, line 929
View::_render() - CORE/Cake/View/View.php, line 891
View::render() - CORE/Cake/View/View.php, line 460
Controller::render() - CORE/Cake/Controller/Controller.php, line 952
Dispatcher::_invoke() - CORE/Cake/Routing/Dispatcher.php, line 192
Dispatcher::dispatch() - CORE/Cake/Routing/Dispatcher.php, line 160
[main] - APP/webroot/index.php, line 108

2014-01-12 21:13:48 Warning: Warning (2): Invalid argument supplied for foreach() in [/home/arek/HTML/YoutubeApp/app/View/Statistics/get_world_most_popular.ctp, line 24]
Trace:
include - APP/View/Statistics/get_world_most_popular.ctp, line 24
View::_evaluate() - CORE/Cake/View/View.php, line 929
View::_render() - CORE/Cake/View/View.php, line 891
View::render() - CORE/Cake/View/View.php, line 460
Controller::render() - CORE/Cake/Controller/Controller.php, line 952
Dispatcher::_invoke() - CORE/Cake/Routing/Dispatcher.php, line 192
Dispatcher::dispatch() - CORE/Cake/Routing/Dispatcher.php, line 160
[main] - APP/webroot/index.php, line 108

2014-01-12 21:13:48 Warning: Warning (2): Invalid argument supplied for foreach() in [/home/arek/HTML/YoutubeApp/app/View/Statistics/get_world_most_popular.ctp, line 24]
Trace:
include - APP/View/Statistics/get_world_most_popular.ctp, line 24
View::_evaluate() - CORE/Cake/View/View.php, line 929
View::_render() - CORE/Cake/View/View.php, line 891
View::render() - CORE/Cake/View/View.php, line 460
Controller::render() - CORE/Cake/Controller/Controller.php, line 952
Dispatcher::_invoke() - CORE/Cake/Routing/Dispatcher.php, line 192
Dispatcher::dispatch() - CORE/Cake/Routing/Dispatcher.php, line 160
[main] - APP/webroot/index.php, line 108

2014-01-12 21:13:48 Warning: Warning (2): Invalid argument supplied for foreach() in [/home/arek/HTML/YoutubeApp/app/View/Statistics/get_world_most_popular.ctp, line 24]
Trace:
include - APP/View/Statistics/get_world_most_popular.ctp, line 24
View::_evaluate() - CORE/Cake/View/View.php, line 929
View::_render() - CORE/Cake/View/View.php, line 891
View::render() - CORE/Cake/View/View.php, line 460
Controller::render() - CORE/Cake/Controller/Controller.php, line 952
Dispatcher::_invoke() - CORE/Cake/Routing/Dispatcher.php, line 192
Dispatcher::dispatch() - CORE/Cake/Routing/Dispatcher.php, line 160
[main] - APP/webroot/index.php, line 108

2014-01-12 21:13:48 Warning: Warning (2): Invalid argument supplied for foreach() in [/home/arek/HTML/YoutubeApp/app/View/Statistics/get_world_most_popular.ctp, line 24]
Trace:
include - APP/View/Statistics/get_world_most_popular.ctp, line 24
View::_evaluate() - CORE/Cake/View/View.php, line 929
View::_render() - CORE/Cake/View/View.php, line 891
View::render() - CORE/Cake/View/View.php, line 460
Controller::render() - CORE/Cake/Controller/Controller.php, line 952
Dispatcher::_invoke() - CORE/Cake/Routing/Dispatcher.php, line 192
Dispatcher::dispatch() - CORE/Cake/Routing/Dispatcher.php, line 160
[main] - APP/webroot/index.php, line 108

2014-01-12 21:13:48 Warning: Warning (2): Invalid argument supplied for foreach() in [/home/arek/HTML/YoutubeApp/app/View/Statistics/get_world_most_popular.ctp, line 24]
Trace:
include - APP/View/Statistics/get_world_most_popular.ctp, line 24
View::_evaluate() - CORE/Cake/View/View.php, line 929
View::_render() - CORE/Cake/View/View.php, line 891
View::render() - CORE/Cake/View/View.php, line 460
Controller::render() - CORE/Cake/Controller/Controller.php, line 952
Dispatcher::_invoke() - CORE/Cake/Routing/Dispatcher.php, line 192
Dispatcher::dispatch() - CORE/Cake/Routing/Dispatcher.php, line 160
[main] - APP/webroot/index.php, line 108

2014-01-12 21:13:48 Warning: Warning (2): Invalid argument supplied for foreach() in [/home/arek/HTML/YoutubeApp/app/View/Statistics/get_world_most_popular.ctp, line 24]
Trace:
include - APP/View/Statistics/get_world_most_popular.ctp, line 24
View::_evaluate() - CORE/Cake/View/View.php, line 929
View::_render() - CORE/Cake/View/View.php, line 891
View::render() - CORE/Cake/View/View.php, line 460
Controller::render() - CORE/Cake/Controller/Controller.php, line 952
Dispatcher::_invoke() - CORE/Cake/Routing/Dispatcher.php, line 192
Dispatcher::dispatch() - CORE/Cake/Routing/Dispatcher.php, line 160
[main] - APP/webroot/index.php, line 108

2014-01-12 21:13:48 Warning: Warning (2): Invalid argument supplied for foreach() in [/home/arek/HTML/YoutubeApp/app/View/Statistics/get_world_most_popular.ctp, line 24]
Trace:
include - APP/View/Statistics/get_world_most_popular.ctp, line 24
View::_evaluate() - CORE/Cake/View/View.php, line 929
View::_render() - CORE/Cake/View/View.php, line 891
View::render() - CORE/Cake/View/View.php, line 460
Controller::render() - CORE/Cake/Controller/Controller.php, line 952
Dispatcher::_invoke() - CORE/Cake/Routing/Dispatcher.php, line 192
Dispatcher::dispatch() - CORE/Cake/Routing/Dispatcher.php, line 160
[main] - APP/webroot/index.php, line 108

2014-01-12 21:13:53 Warning: Warning (2): Invalid argument supplied for foreach() in [/home/arek/HTML/YoutubeApp/app/View/Statistics/get_world_most_popular.ctp, line 24]
Trace:
include - APP/View/Statistics/get_world_most_popular.ctp, line 24
View::_evaluate() - CORE/Cake/View/View.php, line 929
View::_render() - CORE/Cake/View/View.php, line 891
View::render() - CORE/Cake/View/View.php, line 460
Controller::render() - CORE/Cake/Controller/Controller.php, line 952
Dispatcher::_invoke() - CORE/Cake/Routing/Dispatcher.php, line 192
Dispatcher::dispatch() - CORE/Cake/Routing/Dispatcher.php, line 160
[main] - APP/webroot/index.php, line 108

2014-01-12 21:13:53 Warning: Warning (2): Invalid argument supplied for foreach() in [/home/arek/HTML/YoutubeApp/app/View/Statistics/get_world_most_popular.ctp, line 24]
Trace:
include - APP/View/Statistics/get_world_most_popular.ctp, line 24
View::_evaluate() - CORE/Cake/View/View.php, line 929
View::_render() - CORE/Cake/View/View.php, line 891
View::render() - CORE/Cake/View/View.php, line 460
Controller::render() - CORE/Cake/Controller/Controller.php, line 952
Dispatcher::_invoke() - CORE/Cake/Routing/Dispatcher.php, line 192
Dispatcher::dispatch() - CORE/Cake/Routing/Dispatcher.php, line 160
[main] - APP/webroot/index.php, line 108

2014-01-12 21:13:53 Warning: Warning (2): Invalid argument supplied for foreach() in [/home/arek/HTML/YoutubeApp/app/View/Statistics/get_world_most_popular.ctp, line 24]
Trace:
include - APP/View/Statistics/get_world_most_popular.ctp, line 24
View::_evaluate() - CORE/Cake/View/View.php, line 929
View::_render() - CORE/Cake/View/View.php, line 891
View::render() - CORE/Cake/View/View.php, line 460
Controller::render() - CORE/Cake/Controller/Controller.php, line 952
Dispatcher::_invoke() - CORE/Cake/Routing/Dispatcher.php, line 192
Dispatcher::dispatch() - CORE/Cake/Routing/Dispatcher.php, line 160
[main] - APP/webroot/index.php, line 108

2014-01-12 21:13:53 Warning: Warning (2): Invalid argument supplied for foreach() in [/home/arek/HTML/YoutubeApp/app/View/Statistics/get_world_most_popular.ctp, line 24]
Trace:
include - APP/View/Statistics/get_world_most_popular.ctp, line 24
View::_evaluate() - CORE/Cake/View/View.php, line 929
View::_render() - CORE/Cake/View/View.php, line 891
View::render() - CORE/Cake/View/View.php, line 460
Controller::render() - CORE/Cake/Controller/Controller.php, line 952
Dispatcher::_invoke() - CORE/Cake/Routing/Dispatcher.php, line 192
Dispatcher::dispatch() - CORE/Cake/Routing/Dispatcher.php, line 160
[main] - APP/webroot/index.php, line 108

2014-01-12 21:13:53 Warning: Warning (2): Invalid argument supplied for foreach() in [/home/arek/HTML/YoutubeApp/app/View/Statistics/get_world_most_popular.ctp, line 24]
Trace:
include - APP/View/Statistics/get_world_most_popular.ctp, line 24
View::_evaluate() - CORE/Cake/View/View.php, line 929
View::_render() - CORE/Cake/View/View.php, line 891
View::render() - CORE/Cake/View/View.php, line 460
Controller::render() - CORE/Cake/Controller/Controller.php, line 952
Dispatcher::_invoke() - CORE/Cake/Routing/Dispatcher.php, line 192
Dispatcher::dispatch() - CORE/Cake/Routing/Dispatcher.php, line 160
[main] - APP/webroot/index.php, line 108

2014-01-12 21:13:53 Warning: Warning (2): Invalid argument supplied for foreach() in [/home/arek/HTML/YoutubeApp/app/View/Statistics/get_world_most_popular.ctp, line 24]
Trace:
include - APP/View/Statistics/get_world_most_popular.ctp, line 24
View::_evaluate() - CORE/Cake/View/View.php, line 929
View::_render() - CORE/Cake/View/View.php, line 891
View::render() - CORE/Cake/View/View.php, line 460
Controller::render() - CORE/Cake/Controller/Controller.php, line 952
Dispatcher::_invoke() - CORE/Cake/Routing/Dispatcher.php, line 192
Dispatcher::dispatch() - CORE/Cake/Routing/Dispatcher.php, line 160
[main] - APP/webroot/index.php, line 108

2014-01-12 21:13:53 Warning: Warning (2): Invalid argument supplied for foreach() in [/home/arek/HTML/YoutubeApp/app/View/Statistics/get_world_most_popular.ctp, line 24]
Trace:
include - APP/View/Statistics/get_world_most_popular.ctp, line 24
View::_evaluate() - CORE/Cake/View/View.php, line 929
View::_render() - CORE/Cake/View/View.php, line 891
View::render() - CORE/Cake/View/View.php, line 460
Controller::render() - CORE/Cake/Controller/Controller.php, line 952
Dispatcher::_invoke() - CORE/Cake/Routing/Dispatcher.php, line 192
Dispatcher::dispatch() - CORE/Cake/Routing/Dispatcher.php, line 160
[main] - APP/webroot/index.php, line 108

2014-01-12 21:13:53 Warning: Warning (2): Invalid argument supplied for foreach() in [/home/arek/HTML/YoutubeApp/app/View/Statistics/get_world_most_popular.ctp, line 24]
Trace:
include - APP/View/Statistics/get_world_most_popular.ctp, line 24
View::_evaluate() - CORE/Cake/View/View.php, line 929
View::_render() - CORE/Cake/View/View.php, line 891
View::render() - CORE/Cake/View/View.php, line 460
Controller::render() - CORE/Cake/Controller/Controller.php, line 952
Dispatcher::_invoke() - CORE/Cake/Routing/Dispatcher.php, line 192
Dispatcher::dispatch() - CORE/Cake/Routing/Dispatcher.php, line 160
[main] - APP/webroot/index.php, line 108

2014-01-14 01:25:01 Error: [MissingControllerException] Controller class CssController could not be found.
Exception Attributes: array (
  'class' => 'CssController',
  'plugin' => NULL,
)
Request URL: /YoutubeApp/css/images/icon-search.png
Stack Trace:
#0 /home/arek/HTML/YoutubeApp/app/webroot/index.php(108): Dispatcher->dispatch(Object(CakeRequest), Object(CakeResponse))
#1 {main}
2014-01-14 01:25:19 Error: [MissingControllerException] Controller class CssController could not be found.
Exception Attributes: array (
  'class' => 'CssController',
  'plugin' => NULL,
)
Request URL: /YoutubeApp/css/images/icon-search.png
Stack Trace:
#0 /home/arek/HTML/YoutubeApp/app/webroot/index.php(108): Dispatcher->dispatch(Object(CakeRequest), Object(CakeResponse))
#1 {main}
2014-01-14 01:25:30 Error: [MissingControllerException] Controller class CssController could not be found.
Exception Attributes: array (
  'class' => 'CssController',
  'plugin' => NULL,
)
Request URL: /YoutubeApp/css/images/icon-search.png
Stack Trace:
#0 /home/arek/HTML/YoutubeApp/app/webroot/index.php(108): Dispatcher->dispatch(Object(CakeRequest), Object(CakeResponse))
#1 {main}
2014-01-14 01:27:18 Error: [MissingControllerException] Controller class CssController could not be found.
Exception Attributes: array (
  'class' => 'CssController',
  'plugin' => NULL,
)
Request URL: /YoutubeApp/css/images/icon-search.png
Stack Trace:
#0 /home/arek/HTML/YoutubeApp/app/webroot/index.php(108): Dispatcher->dispatch(Object(CakeRequest), Object(CakeResponse))
#1 {main}
2014-01-14 01:28:22 Error: [MissingControllerException] Controller class CssController could not be found.
Exception Attributes: array (
  'class' => 'CssController',
  'plugin' => NULL,
)
Request URL: /YoutubeApp/css/images/icon-search.png
Stack Trace:
#0 /home/arek/HTML/YoutubeApp/app/webroot/index.php(108): Dispatcher->dispatch(Object(CakeRequest), Object(CakeResponse))
#1 {main}
2014-01-14 09:58:20 Error: Fatal Error (4): syntax error, unexpected '<' in [/home/arek/HTML/YoutubeApp/app/View/Statistics/search_videos.ctp, line 21]
2014-01-14 09:58:20 Error: [FatalErrorException] syntax error, unexpected '<'
Request URL: /YoutubeApp/statistics/search_videos
Stack Trace:
#0 /home/arek/HTML/YoutubeApp/lib/Cake/Error/ErrorHandler.php(203): ErrorHandler::handleFatalError(4, 'syntax error, u...', '/home/arek/HTML...', 21)
#1 [internal function]: ErrorHandler::handleError(4, 'syntax error, u...', '/home/arek/HTML...', 21, Array)
#2 /home/arek/HTML/YoutubeApp/lib/Cake/Core/App.php(929): call_user_func('ErrorHandler::h...', 4, 'syntax error, u...', '/home/arek/HTML...', 21, Array)
#3 /home/arek/HTML/YoutubeApp/lib/Cake/Core/App.php(902): App::_checkFatalError()
#4 [internal function]: App::shutdown()
#5 {main}
2014-01-18 17:17:21 Error: [MissingControllerException] Controller class PagesController could not be found.
Exception Attributes: array (
  'class' => 'PagesController',
  'plugin' => NULL,
)
Request URL: /YoutubeApp/
Stack Trace:
#0 /home/arek/HTML/YoutubeApp/app/webroot/index.php(108): Dispatcher->dispatch(Object(CakeRequest), Object(CakeResponse))
#1 {main}
2014-01-20 21:48:00 Error: [MissingControllerException] Controller class PagesController could not be found.
Exception Attributes: array (
  'class' => 'PagesController',
  'plugin' => NULL,
)
Request URL: /YoutubeApp/
Stack Trace:
#0 /home/arek/HTML/YoutubeApp/app/webroot/index.php(108): Dispatcher->dispatch(Object(CakeRequest), Object(CakeResponse))
#1 {main}
2014-01-20 21:58:35 Error: Fatal Error (1): Call to a member function dispatchMethod() on a non-object in [/home/arek/HTML/YoutubeApp/lib/Cake/Model/Model.php, line 795]
2014-01-20 21:58:35 Error: [FatalErrorException] Call to a member function dispatchMethod() on a non-object
Request URL: /YoutubeApp/statistics/search_videos
Stack Trace:
#0 /home/arek/HTML/YoutubeApp/lib/Cake/Error/ErrorHandler.php(203): ErrorHandler::handleFatalError(1, 'Call to a membe...', '/home/arek/HTML...', 795)
#1 [internal function]: ErrorHandler::handleError(1, 'Call to a membe...', '/home/arek/HTML...', 795, Array)
#2 /home/arek/HTML/YoutubeApp/lib/Cake/Core/App.php(929): call_user_func('ErrorHandler::h...', 1, 'Call to a membe...', '/home/arek/HTML...', 795, Array)
#3 /home/arek/HTML/YoutubeApp/lib/Cake/Core/App.php(902): App::_checkFatalError()
#4 [internal function]: App::shutdown()
#5 {main}
2014-01-20 21:59:28 Error: Fatal Error (1): Call to a member function dispatchMethod() on a non-object in [/home/arek/HTML/YoutubeApp/lib/Cake/Model/Model.php, line 795]
2014-01-20 21:59:28 Error: [FatalErrorException] Call to a member function dispatchMethod() on a non-object
Request URL: /YoutubeApp/statistics/search_videos
Stack Trace:
#0 /home/arek/HTML/YoutubeApp/lib/Cake/Error/ErrorHandler.php(203): ErrorHandler::handleFatalError(1, 'Call to a membe...', '/home/arek/HTML...', 795)
#1 [internal function]: ErrorHandler::handleError(1, 'Call to a membe...', '/home/arek/HTML...', 795, Array)
#2 /home/arek/HTML/YoutubeApp/lib/Cake/Core/App.php(929): call_user_func('ErrorHandler::h...', 1, 'Call to a membe...', '/home/arek/HTML...', 795, Array)
#3 /home/arek/HTML/YoutubeApp/lib/Cake/Core/App.php(902): App::_checkFatalError()
#4 [internal function]: App::shutdown()
#5 {main}
2014-01-20 22:17:07 Error: Fatal Error (1): Call to undefined method SimpleXMLElement::SimpleXMLElementattributes() in [/home/arek/HTML/YoutubeApp/app/Model/Statistic.php, line 27]
2014-01-20 22:17:07 Error: [FatalErrorException] Call to undefined method SimpleXMLElement::SimpleXMLElementattributes()
Request URL: /YoutubeApp/statistics/search_videos
Stack Trace:
#0 /home/arek/HTML/YoutubeApp/lib/Cake/Error/ErrorHandler.php(203): ErrorHandler::handleFatalError(1, 'Call to undefin...', '/home/arek/HTML...', 27)
#1 [internal function]: ErrorHandler::handleError(1, 'Call to undefin...', '/home/arek/HTML...', 27, Array)
#2 /home/arek/HTML/YoutubeApp/lib/Cake/Core/App.php(929): call_user_func('ErrorHandler::h...', 1, 'Call to undefin...', '/home/arek/HTML...', 27, Array)
#3 /home/arek/HTML/YoutubeApp/lib/Cake/Core/App.php(902): App::_checkFatalError()
#4 [internal function]: App::shutdown()
#5 {main}
2014-01-20 22:20:20 Error: Fatal Error (1): Call to a member function attributes() on a non-object in [/home/arek/HTML/YoutubeApp/app/Model/Statistic.php, line 27]
2014-01-20 22:20:20 Error: [FatalErrorException] Call to a member function attributes() on a non-object
Request URL: /YoutubeApp/statistics/search_videos
Stack Trace:
#0 /home/arek/HTML/YoutubeApp/lib/Cake/Error/ErrorHandler.php(203): ErrorHandler::handleFatalError(1, 'Call to a membe...', '/home/arek/HTML...', 27)
#1 [internal function]: ErrorHandler::handleError(1, 'Call to a membe...', '/home/arek/HTML...', 27, Array)
#2 /home/arek/HTML/YoutubeApp/lib/Cake/Core/App.php(929): call_user_func('ErrorHandler::h...', 1, 'Call to a membe...', '/home/arek/HTML...', 27, Array)
#3 /home/arek/HTML/YoutubeApp/lib/Cake/Core/App.php(902): App::_checkFatalError()
#4 [internal function]: App::shutdown()
#5 {main}
2014-01-20 22:22:00 Error: Fatal Error (1): Call to undefined function XML2Array() in [/home/arek/HTML/YoutubeApp/app/Model/Statistic.php, line 28]
2014-01-20 22:22:00 Error: [FatalErrorException] Call to undefined function XML2Array()
Request URL: /YoutubeApp/statistics/search_videos
Stack Trace:
#0 /home/arek/HTML/YoutubeApp/lib/Cake/Error/ErrorHandler.php(203): ErrorHandler::handleFatalError(1, 'Call to undefin...', '/home/arek/HTML...', 28)
#1 [internal function]: ErrorHandler::handleError(1, 'Call to undefin...', '/home/arek/HTML...', 28, Array)
#2 /home/arek/HTML/YoutubeApp/lib/Cake/Core/App.php(929): call_user_func('ErrorHandler::h...', 1, 'Call to undefin...', '/home/arek/HTML...', 28, Array)
#3 /home/arek/HTML/YoutubeApp/lib/Cake/Core/App.php(902): App::_checkFatalError()
#4 [internal function]: App::shutdown()
#5 {main}
2014-01-20 22:22:17 Error: Fatal Error (1): Call to undefined function XML2Array() in [/home/arek/HTML/YoutubeApp/app/Model/Statistic.php, line 41]
2014-01-20 22:22:17 Error: [FatalErrorException] Call to undefined function XML2Array()
Request URL: /YoutubeApp/statistics/search_videos
Stack Trace:
#0 /home/arek/HTML/YoutubeApp/lib/Cake/Error/ErrorHandler.php(203): ErrorHandler::handleFatalError(1, 'Call to undefin...', '/home/arek/HTML...', 41)
#1 [internal function]: ErrorHandler::handleError(1, 'Call to undefin...', '/home/arek/HTML...', 41, Array)
#2 /home/arek/HTML/YoutubeApp/lib/Cake/Core/App.php(929): call_user_func('ErrorHandler::h...', 1, 'Call to undefin...', '/home/arek/HTML...', 41, Array)
#3 /home/arek/HTML/YoutubeApp/lib/Cake/Core/App.php(902): App::_checkFatalError()
#4 [internal function]: App::shutdown()
#5 {main}
2014-01-20 22:28:07 Error: [Exception] String could not be parsed as XML
Request URL: /YoutubeApp/statistics/search_videos
Stack Trace:
#0 /home/arek/HTML/YoutubeApp/app/Model/Statistic.php(33): SimpleXMLElement->__construct('/home/arek/HTML...')
#1 /home/arek/HTML/YoutubeApp/app/Controller/StatisticsController.php(30): Statistic->parseCategoryXml()
#2 [internal function]: StatisticsController->search_videos()
#3 /home/arek/HTML/YoutubeApp/lib/Cake/Controller/Controller.php(490): ReflectionMethod->invokeArgs(Object(StatisticsController), Array)
#4 /home/arek/HTML/YoutubeApp/lib/Cake/Routing/Dispatcher.php(185): Controller->invokeAction(Object(CakeRequest))
#5 /home/arek/HTML/YoutubeApp/lib/Cake/Routing/Dispatcher.php(160): Dispatcher->_invoke(Object(StatisticsController), Object(CakeRequest), Object(CakeResponse))
#6 /home/arek/HTML/YoutubeApp/app/webroot/index.php(108): Dispatcher->dispatch(Object(CakeRequest), Object(CakeResponse))
#7 {main}
2014-01-20 22:28:24 Error: [Exception] String could not be parsed as XML
Request URL: /YoutubeApp/statistics/search_videos
Stack Trace:
#0 /home/arek/HTML/YoutubeApp/app/Model/Statistic.php(33): SimpleXMLElement->__construct('')
#1 /home/arek/HTML/YoutubeApp/app/Controller/StatisticsController.php(30): Statistic->parseCategoryXml()
#2 [internal function]: StatisticsController->search_videos()
#3 /home/arek/HTML/YoutubeApp/lib/Cake/Controller/Controller.php(490): ReflectionMethod->invokeArgs(Object(StatisticsController), Array)
#4 /home/arek/HTML/YoutubeApp/lib/Cake/Routing/Dispatcher.php(185): Controller->invokeAction(Object(CakeRequest))
#5 /home/arek/HTML/YoutubeApp/lib/Cake/Routing/Dispatcher.php(160): Dispatcher->_invoke(Object(StatisticsController), Object(CakeRequest), Object(CakeResponse))
#6 /home/arek/HTML/YoutubeApp/app/webroot/index.php(108): Dispatcher->dispatch(Object(CakeRequest), Object(CakeResponse))
#7 {main}
2014-01-20 23:03:14 Error: Fatal Error (1): Call to undefined method StatisticsController::getLanguages() in [/home/arek/HTML/YoutubeApp/app/Controller/StatisticsController.php, line 32]
2014-01-20 23:03:14 Error: [FatalErrorException] Call to undefined method StatisticsController::getLanguages()
Request URL: /YoutubeApp/statistics/search_videos
Stack Trace:
#0 /home/arek/HTML/YoutubeApp/lib/Cake/Error/ErrorHandler.php(203): ErrorHandler::handleFatalError(1, 'Call to undefin...', '/home/arek/HTML...', 32)
#1 [internal function]: ErrorHandler::handleError(1, 'Call to undefin...', '/home/arek/HTML...', 32, Array)
#2 /home/arek/HTML/YoutubeApp/lib/Cake/Core/App.php(929): call_user_func('ErrorHandler::h...', 1, 'Call to undefin...', '/home/arek/HTML...', 32, Array)
#3 /home/arek/HTML/YoutubeApp/lib/Cake/Core/App.php(902): App::_checkFatalError()
#4 [internal function]: App::shutdown()
#5 {main}
2014-01-20 23:11:11 Error: Fatal Error (4): syntax error, unexpected ')' in [/home/arek/HTML/YoutubeApp/app/Model/Statistic.php, line 68]
2014-01-20 23:11:11 Error: [FatalErrorException] syntax error, unexpected ')'
Request URL: /YoutubeApp/statistics/search_videos
Stack Trace:
#0 /home/arek/HTML/YoutubeApp/lib/Cake/Error/ErrorHandler.php(203): ErrorHandler::handleFatalError(4, 'syntax error, u...', '/home/arek/HTML...', 68)
#1 [internal function]: ErrorHandler::handleError(4, 'syntax error, u...', '/home/arek/HTML...', 68, Array)
#2 /home/arek/HTML/YoutubeApp/lib/Cake/Core/App.php(929): call_user_func('ErrorHandler::h...', 4, 'syntax error, u...', '/home/arek/HTML...', 68, Array)
#3 /home/arek/HTML/YoutubeApp/lib/Cake/Core/App.php(902): App::_checkFatalError()
#4 [internal function]: App::shutdown()
#5 {main}
2014-01-21 00:02:49 Error: Fatal Error (1): Call to undefined function jsone_encode() in [/home/arek/HTML/YoutubeApp/app/Model/Statistic.php, line 82]
2014-01-21 00:02:49 Error: [FatalErrorException] Call to undefined function jsone_encode()
Request URL: /YoutubeApp/statistics/get_search_result
Stack Trace:
#0 /home/arek/HTML/YoutubeApp/lib/Cake/Error/ErrorHandler.php(203): ErrorHandler::handleFatalError(1, 'Call to undefin...', '/home/arek/HTML...', 82)
#1 [internal function]: ErrorHandler::handleError(1, 'Call to undefin...', '/home/arek/HTML...', 82, Array)
#2 /home/arek/HTML/YoutubeApp/lib/Cake/Core/App.php(929): call_user_func('ErrorHandler::h...', 1, 'Call to undefin...', '/home/arek/HTML...', 82, Array)
#3 /home/arek/HTML/YoutubeApp/lib/Cake/Core/App.php(902): App::_checkFatalError()
#4 [internal function]: App::shutdown()
#5 {main}
2014-01-21 00:27:07 Error: Fatal Error (1): Class 'RedisForWideo' not found in [/home/arek/HTML/YoutubeApp/app/Model/Statistic.php, line 94]
2014-01-21 00:27:07 Error: [FatalErrorException] Class 'RedisForWideo' not found
Request URL: /YoutubeApp/statistics/get_search_result
Stack Trace:
#0 /home/arek/HTML/YoutubeApp/lib/Cake/Error/ErrorHandler.php(203): ErrorHandler::handleFatalError(1, 'Class 'RedisFor...', '/home/arek/HTML...', 94)
#1 [internal function]: ErrorHandler::handleError(1, 'Class 'RedisFor...', '/home/arek/HTML...', 94, Array)
#2 /home/arek/HTML/YoutubeApp/lib/Cake/Core/App.php(929): call_user_func('ErrorHandler::h...', 1, 'Class 'RedisFor...', '/home/arek/HTML...', 94, Array)
#3 /home/arek/HTML/YoutubeApp/lib/Cake/Core/App.php(902): App::_checkFatalError()
#4 [internal function]: App::shutdown()
#5 {main}
2014-01-21 00:28:34 Error: Fatal Error (1): Class 'RedisForWideo' not found in [/home/arek/HTML/YoutubeApp/app/Model/Statistic.php, line 94]
2014-01-21 00:28:34 Error: [FatalErrorException] Class 'RedisForWideo' not found
Request URL: /YoutubeApp/statistics/get_search_result
Stack Trace:
#0 /home/arek/HTML/YoutubeApp/lib/Cake/Error/ErrorHandler.php(203): ErrorHandler::handleFatalError(1, 'Class 'RedisFor...', '/home/arek/HTML...', 94)
#1 [internal function]: ErrorHandler::handleError(1, 'Class 'RedisFor...', '/home/arek/HTML...', 94, Array)
#2 /home/arek/HTML/YoutubeApp/lib/Cake/Core/App.php(929): call_user_func('ErrorHandler::h...', 1, 'Class 'RedisFor...', '/home/arek/HTML...', 94, Array)
#3 /home/arek/HTML/YoutubeApp/lib/Cake/Core/App.php(902): App::_checkFatalError()
#4 [internal function]: App::shutdown()
#5 {main}
2014-01-21 00:43:26 Error: Fatal Error (4): syntax error, unexpected ''data.txt'' (T_CONSTANT_ENCAPSED_STRING) in [/home/arek/HTML/YoutubeApp/app/Model/Statistic.php, line 95]
2014-01-21 00:43:26 Error: [FatalErrorException] syntax error, unexpected ''data.txt'' (T_CONSTANT_ENCAPSED_STRING)
Request URL: /YoutubeApp/statistics/search_videos
Stack Trace:
#0 /home/arek/HTML/YoutubeApp/lib/Cake/Error/ErrorHandler.php(203): ErrorHandler::handleFatalError(4, 'syntax error, u...', '/home/arek/HTML...', 95)
#1 [internal function]: ErrorHandler::handleError(4, 'syntax error, u...', '/home/arek/HTML...', 95, Array)
#2 /home/arek/HTML/YoutubeApp/lib/Cake/Core/App.php(929): call_user_func('ErrorHandler::h...', 4, 'syntax error, u...', '/home/arek/HTML...', 95, Array)
#3 /home/arek/HTML/YoutubeApp/lib/Cake/Core/App.php(902): App::_checkFatalError()
#4 [internal function]: App::shutdown()
#5 {main}
2014-01-21 02:53:14 Error: [MissingControllerException] Controller class PagesController could not be found.
Exception Attributes: array (
  'class' => 'PagesController',
  'plugin' => NULL,
)
Request URL: /YoutubeApp/
Stack Trace:
#0 /home/arek/HTML/YoutubeApp/app/webroot/index.php(108): Dispatcher->dispatch(Object(CakeRequest), Object(CakeResponse))
#1 {main}
